Determining if the pthread_create exist failed with the following output:
Change Dir: /home/joehuang/Documents/MIT/2.12/team4_ws/build/CMakeFiles/CMakeTmp

Run Build Command:"/usr/bin/make" "cmTC_defcd/fast"
/usr/bin/make -f CMakeFiles/cmTC_defcd.dir/build.make CMakeFiles/cmTC_defcd.dir/build
make[1]: Entering directory '/home/joehuang/Documents/MIT/2.12/team4_ws/build/CMakeFiles/CMakeTmp'
Building C object CMakeFiles/cmTC_defcd.dir/CheckSymbolExists.c.o
/usr/bin/cc     -o CMakeFiles/cmTC_defcd.dir/CheckSymbolExists.c.o   -c /home/joehuang/Documents/MIT/2.12/team4_ws/build/CMakeFiles/CMakeTmp/CheckSymbolExists.c
Linking C executable cmTC_defcd
/usr/bin/cmake -E cmake_link_script CMakeFiles/cmTC_defcd.dir/link.txt --verbose=1
/usr/bin/cc       CMakeFiles/cmTC_defcd.dir/CheckSymbolExists.c.o  -o cmTC_defcd -rdynamic 
CMakeFiles/cmTC_defcd.dir/CheckSymbolExists.c.o: In function `main':
CheckSymbolExists.c:(.text+0x16): undefined reference to `pthread_create'
collect2: error: ld returned 1 exit status
CMakeFiles/cmTC_defcd.dir/build.make:97: recipe for target 'cmTC_defcd' failed
make[1]: *** [cmTC_defcd] Error 1
make[1]: Leaving directory '/home/joehuang/Documents/MIT/2.12/team4_ws/build/CMakeFiles/CMakeTmp'
Makefile:126: recipe for target 'cmTC_defcd/fast' failed
make: *** [cmTC_defcd/fast] Error 2

File /home/joehuang/Documents/MIT/2.12/team4_ws/build/CMakeFiles/CMakeTmp/CheckSymbolExists.c:
/* */
#include <pthread.h>

int main(int argc, char** argv)
{
  (void)argv;
#ifndef pthread_create
  return ((int*)(&pthread_create))[argc];
#else
  (void)argc;
  return 0;
#endif
}

Determining if the function pthread_create exists in the pthreads failed with the following output:
Change Dir: /home/joehuang/Documents/MIT/2.12/team4_ws/build/CMakeFiles/CMakeTmp

Run Build Command:"/usr/bin/make" "cmTC_2e9b8/fast"
/usr/bin/make -f CMakeFiles/cmTC_2e9b8.dir/build.make CMakeFiles/cmTC_2e9b8.dir/build
make[1]: Entering directory '/home/joehuang/Documents/MIT/2.12/team4_ws/build/CMakeFiles/CMakeTmp'
Building C object CMakeFiles/cmTC_2e9b8.dir/CheckFunctionExists.c.o
/usr/bin/cc    -DCHECK_FUNCTION_EXISTS=pthread_create   -o CMakeFiles/cmTC_2e9b8.dir/CheckFunctionExists.c.o   -c /usr/share/cmake-3.5/Modules/CheckFunctionExists.c
Linking C executable cmTC_2e9b8
/usr/bin/cmake -E cmake_link_script CMakeFiles/cmTC_2e9b8.dir/link.txt --verbose=1
/usr/bin/cc   -DCHECK_FUNCTION_EXISTS=pthread_create    CMakeFiles/cmTC_2e9b8.dir/CheckFunctionExists.c.o  -o cmTC_2e9b8 -rdynamic -lpthreads 
/usr/bin/ld: cannot find -lpthreads
collect2: error: ld returned 1 exit status
CMakeFiles/cmTC_2e9b8.dir/build.make:97: recipe for target 'cmTC_2e9b8' failed
make[1]: *** [cmTC_2e9b8] Error 1
make[1]: Leaving directory '/home/joehuang/Documents/MIT/2.12/team4_ws/build/CMakeFiles/CMakeTmp'
Makefile:126: recipe for target 'cmTC_2e9b8/fast' failed
make: *** [cmTC_2e9b8/fast] Error 2


